<?xml version="1.0" encoding="UTF-8"?>
<coverage generated="1653305294861" clover="3.2.0">
  <project timestamp="1653305294861" name="All files">
    <metrics statements="31" coveredstatements="31" conditionals="16" coveredconditionals="14" methods="6" coveredmethods="6" elements="53" coveredelements="51" complexity="0" loc="31" ncloc="31" packages="1" files="3" classes="3"/>
    <file name="airport.js" path="/Users/jonnyabrams/Projects/airport-js/src/airport.js">
      <metrics statements="25" coveredstatements="25" conditionals="14" coveredconditionals="13" methods="4" coveredmethods="4"/>
      <line num="1" count="1" type="stmt"/>
      <line num="5" count="5" type="stmt"/>
      <line num="6" count="5" type="stmt"/>
      <line num="7" count="5" type="stmt"/>
      <line num="8" count="5" type="stmt"/>
      <line num="12" count="307" type="stmt"/>
      <line num="13" count="303" type="stmt"/>
      <line num="14" count="303" type="stmt"/>
      <line num="18" count="6" type="stmt"/>
      <line num="19" count="3" type="stmt"/>
      <line num="20" count="3" type="stmt"/>
      <line num="23" count="3" type="stmt"/>
      <line num="27" count="307" type="cond" truecount="2" falsecount="0"/>
      <line num="29" count="306" type="cond" truecount="2" falsecount="0"/>
      <line num="31" count="304" type="cond" truecount="2" falsecount="0"/>
      <line num="33" count="303" type="stmt"/>
      <line num="34" count="303" type="stmt"/>
      <line num="38" count="6" type="cond" truecount="2" falsecount="0"/>
      <line num="40" count="5" type="cond" truecount="2" falsecount="0"/>
      <line num="42" count="4" type="cond" truecount="2" falsecount="0"/>
      <line num="44" count="3" type="stmt"/>
      <line num="45" count="3" type="stmt"/>
      <line num="49" count="303" type="stmt"/>
      <line num="53" count="3" type="stmt"/>
      <line num="57" count="1" type="stmt"/>
    </file>
    <file name="plane.js" path="/Users/jonnyabrams/Projects/airport-js/src/plane.js">
      <metrics statements="4" coveredstatements="4" conditionals="0" coveredconditionals="0" methods="1" coveredmethods="1"/>
      <line num="3" count="1" type="stmt"/>
      <line num="4" count="1" type="stmt"/>
      <line num="5" count="1" type="stmt"/>
      <line num="9" count="1" type="stmt"/>
    </file>
    <file name="weather.js" path="/Users/jonnyabrams/Projects/airport-js/src/weather.js">
      <metrics statements="2" coveredstatements="2" conditionals="2" coveredconditionals="1" methods="1" coveredmethods="1"/>
      <line num="3" count="1" type="cond" truecount="1" falsecount="1"/>
      <line num="7" count="2" type="stmt"/>
    </file>
  </project>
</coverage>
