{"/Users/jonnyabrams/Projects/airport-js/src/airport.js": {"path":"/Users/jonnyabrams/Projects/airport-js/src/airport.js","statementMap":{"0":{"start":{"line":1,"column":16},"end":{"line":1,"column":36}},"1":{"start":{"line":5,"column":4},"end":{"line":5,"column":21}},"2":{"start":{"line":6,"column":4},"end":{"line":6,"column":21}},"3":{"start":{"line":7,"column":4},"end":{"line":7,"column":29}},"4":{"start":{"line":8,"column":4},"end":{"line":8,"column":27}},"5":{"start":{"line":12,"column":4},"end":{"line":12,"column":31}},"6":{"start":{"line":13,"column":4},"end":{"line":13,"column":28}},"7":{"start":{"line":14,"column":4},"end":{"line":14,"column":29}},"8":{"start":{"line":18,"column":4},"end":{"line":18,"column":34}},"9":{"start":{"line":19,"column":4},"end":{"line":21,"column":7}},"10":{"start":{"line":20,"column":6},"end":{"line":20,"column":28}},"11":{"start":{"line":23,"column":4},"end":{"line":23,"column":32}},"12":{"start":{"line":27,"column":4},"end":{"line":27,"column":97}},"13":{"start":{"line":27,"column":43},"end":{"line":27,"column":97}},"14":{"start":{"line":29,"column":4},"end":{"line":29,"column":94}},"15":{"start":{"line":29,"column":46},"end":{"line":29,"column":94}},"16":{"start":{"line":31,"column":4},"end":{"line":31,"column":78}},"17":{"start":{"line":31,"column":33},"end":{"line":31,"column":78}},"18":{"start":{"line":33,"column":4},"end":{"line":33,"column":30}},"19":{"start":{"line":34,"column":4},"end":{"line":34,"column":26}},"20":{"start":{"line":38,"column":4},"end":{"line":38,"column":101}},"21":{"start":{"line":38,"column":43},"end":{"line":38,"column":101}},"22":{"start":{"line":40,"column":4},"end":{"line":40,"column":82}},"23":{"start":{"line":40,"column":34},"end":{"line":40,"column":82}},"24":{"start":{"line":42,"column":4},"end":{"line":42,"column":97}},"25":{"start":{"line":42,"column":37},"end":{"line":42,"column":97}},"26":{"start":{"line":44,"column":4},"end":{"line":44,"column":23}},"27":{"start":{"line":45,"column":4},"end":{"line":45,"column":27}},"28":{"start":{"line":49,"column":4},"end":{"line":49,"column":66}},"29":{"start":{"line":53,"column":4},"end":{"line":53,"column":66}},"30":{"start":{"line":57,"column":0},"end":{"line":57,"column":25}}},"fnMap":{"0":{"name":"(anonymous_0)","decl":{"start":{"line":4,"column":2},"end":{"line":4,"column":3}},"loc":{"start":{"line":4,"column":59},"end":{"line":9,"column":3}},"line":4},"1":{"name":"(anonymous_1)","decl":{"start":{"line":11,"column":2},"end":{"line":11,"column":3}},"loc":{"start":{"line":11,"column":14},"end":{"line":15,"column":3}},"line":11},"2":{"name":"(anonymous_2)","decl":{"start":{"line":17,"column":2},"end":{"line":17,"column":3}},"loc":{"start":{"line":17,"column":17},"end":{"line":24,"column":3}},"line":17},"3":{"name":"(anonymous_3)","decl":{"start":{"line":19,"column":37},"end":{"line":19,"column":38}},"loc":{"start":{"line":19,"column":54},"end":{"line":21,"column":5}},"line":19}},"branchMap":{"0":{"loc":{"start":{"line":4,"column":20},"end":{"line":4,"column":34}},"type":"default-arg","locations":[{"start":{"line":4,"column":31},"end":{"line":4,"column":34}}],"line":4},"1":{"loc":{"start":{"line":4,"column":36},"end":{"line":4,"column":57}},"type":"default-arg","locations":[{"start":{"line":4,"column":46},"end":{"line":4,"column":57}}],"line":4},"2":{"loc":{"start":{"line":27,"column":4},"end":{"line":27,"column":97}},"type":"if","locations":[{"start":{"line":27,"column":4},"end":{"line":27,"column":97}},{"start":{},"end":{}}],"line":27},"3":{"loc":{"start":{"line":29,"column":4},"end":{"line":29,"column":94}},"type":"if","locations":[{"start":{"line":29,"column":4},"end":{"line":29,"column":94}},{"start":{},"end":{}}],"line":29},"4":{"loc":{"start":{"line":31,"column":4},"end":{"line":31,"column":78}},"type":"if","locations":[{"start":{"line":31,"column":4},"end":{"line":31,"column":78}},{"start":{},"end":{}}],"line":31},"5":{"loc":{"start":{"line":38,"column":4},"end":{"line":38,"column":101}},"type":"if","locations":[{"start":{"line":38,"column":4},"end":{"line":38,"column":101}},{"start":{},"end":{}}],"line":38},"6":{"loc":{"start":{"line":40,"column":4},"end":{"line":40,"column":82}},"type":"if","locations":[{"start":{"line":40,"column":4},"end":{"line":40,"column":82}},{"start":{},"end":{}}],"line":40},"7":{"loc":{"start":{"line":42,"column":4},"end":{"line":42,"column":97}},"type":"if","locations":[{"start":{"line":42,"column":4},"end":{"line":42,"column":97}},{"start":{},"end":{}}],"line":42}},"s":{"0":1,"1":5,"2":5,"3":5,"4":5,"5":307,"6":303,"7":303,"8":6,"9":3,"10":3,"11":3,"12":307,"13":1,"14":306,"15":2,"16":304,"17":1,"18":303,"19":303,"20":6,"21":1,"22":5,"23":1,"24":4,"25":1,"26":3,"27":3,"28":303,"29":3,"30":1},"f":{"0":5,"1":307,"2":6,"3":3},"b":{"0":[3],"1":[0],"2":[1,306],"3":[2,304],"4":[1,303],"5":[1,5],"6":[1,4],"7":[1,3]},"_coverageSchema":"1a1c01bbd47fc00a2c39e90264f33305004495a9","hash":"ced68ff078455a8884ee56df408d08c7e3a279dd"}
,"/Users/jonnyabrams/Projects/airport-js/src/plane.js": {"path":"/Users/jonnyabrams/Projects/airport-js/src/plane.js","statementMap":{"0":{"start":{"line":3,"column":4},"end":{"line":3,"column":21}},"1":{"start":{"line":4,"column":4},"end":{"line":4,"column":26}},"2":{"start":{"line":5,"column":4},"end":{"line":5,"column":22}},"3":{"start":{"line":9,"column":0},"end":{"line":9,"column":23}}},"fnMap":{"0":{"name":"(anonymous_0)","decl":{"start":{"line":2,"column":2},"end":{"line":2,"column":3}},"loc":{"start":{"line":2,"column":20},"end":{"line":6,"column":3}},"line":2}},"branchMap":{},"s":{"0":1,"1":1,"2":1,"3":1},"f":{"0":1},"b":{},"_coverageSchema":"1a1c01bbd47fc00a2c39e90264f33305004495a9","hash":"515d13088853d9b30972f68c253162d8c135b26d"}
,"/Users/jonnyabrams/Projects/airport-js/src/weather.js": {"path":"/Users/jonnyabrams/Projects/airport-js/src/weather.js","statementMap":{"0":{"start":{"line":3,"column":4},"end":{"line":3,"column":83}},"1":{"start":{"line":7,"column":0},"end":{"line":7,"column":25}}},"fnMap":{"0":{"name":"(anonymous_0)","decl":{"start":{"line":2,"column":2},"end":{"line":2,"column":3}},"loc":{"start":{"line":2,"column":16},"end":{"line":4,"column":3}},"line":2}},"branchMap":{"0":{"loc":{"start":{"line":3,"column":19},"end":{"line":3,"column":82}},"type":"cond-expr","locations":[{"start":{"line":3,"column":64},"end":{"line":3,"column":72}},{"start":{"line":3,"column":75},"end":{"line":3,"column":82}}],"line":3}},"s":{"0":1,"1":2},"f":{"0":1},"b":{"0":[0,1]},"_coverageSchema":"1a1c01bbd47fc00a2c39e90264f33305004495a9","hash":"aede3b983a066208b475235e9aac3ef0b07aecb3"}
}
