TN:
SF:src/airport.js
FN:4,(anonymous_0)
FN:11,(anonymous_1)
FN:17,(anonymous_2)
FN:19,(anonymous_3)
FNF:4
FNH:4
FNDA:5,(anonymous_0)
FNDA:307,(anonymous_1)
FNDA:6,(anonymous_2)
FNDA:3,(anonymous_3)
DA:1,1
DA:5,5
DA:6,5
DA:7,5
DA:8,5
DA:12,307
DA:13,303
DA:14,303
DA:18,6
DA:19,3
DA:20,3
DA:23,3
DA:27,307
DA:29,306
DA:31,304
DA:33,303
DA:34,303
DA:38,6
DA:40,5
DA:42,4
DA:44,3
DA:45,3
DA:49,303
DA:53,3
DA:57,1
LF:25
LH:25
BRDA:4,0,0,3
BRDA:4,1,0,0
BRDA:27,2,0,1
BRDA:27,2,1,306
BRDA:29,3,0,2
BRDA:29,3,1,304
BRDA:31,4,0,1
BRDA:31,4,1,303
BRDA:38,5,0,1
BRDA:38,5,1,5
BRDA:40,6,0,1
BRDA:40,6,1,4
BRDA:42,7,0,1
BRDA:42,7,1,3
BRF:14
BRH:13
end_of_record
TN:
SF:src/plane.js
FN:2,(anonymous_0)
FNF:1
FNH:1
FNDA:1,(anonymous_0)
DA:3,1
DA:4,1
DA:5,1
DA:9,1
LF:4
LH:4
BRF:0
BRH:0
end_of_record
TN:
SF:src/weather.js
FN:2,(anonymous_0)
FNF:1
FNH:1
FNDA:1,(anonymous_0)
DA:3,1
DA:7,2
LF:2
LH:2
BRDA:3,0,0,0
BRDA:3,0,1,1
BRF:2
BRH:1
end_of_record
